build/app/outputs/mapping/release/seeds.txt
com.example.untitled1.MainActivity
com.example.untitled1.MainActivity: MainActivity()
...
io.flutter.plugin.platform.SingleViewPresentation
androidx.window.R$attr
io.flutter.view.FlutterCallbackInformation
androidx.window.embedding.EmbeddingTranslatingCallback
androidx.activity.ComponentActivity$3
androidx.window.embedding.SplitController$Companion
androidx.core.app.CoreComponentFactory
androidx.window.layout.SidecarCompat$TranslatingCallback
androidx.window.layout.SidecarCompat$DistinctSidecarElementCallback
androidx.window.R$styleable
androidx.window.layout.WindowMetricsCalculator$Companion$reset$1
androidx.lifecycle.ReflectiveGenericLifecycleObserver
androidx.window.layout.DisplayCompatHelperApi17
androidx.window.layout.WindowInfoTrackerDecorator
androidx.window.layout.FoldingFeature$State$Companion
androidx.window.layout.WindowMetricsCalculator
androidx.activity.ComponentActivity$2
androidx.window.java.layout.WindowInfoTrackerCallbackAdapter
androidx.window.R
androidx.lifecycle.Lifecycling$1
io.flutter.plugins.GeneratedPluginRegistrant
androidx.window.layout.SidecarCompat$Companion
androidx.window.embedding.ExtensionEmbeddingBackend$SplitListenerWrapper
androidx.window.layout.WindowMetricsCalculatorCompat
androidx.window.layout.SidecarWindowBackend$Companion
androidx.window.layout.SidecarWindowBackend$WindowLayoutChangeCallbackWrapper
androidx.window.layout.FoldingFeature$Orientation
androidx.window.layout.DisplayCompatHelperApi28
androidx.window.embedding.EmbeddingInterfaceCompat$EmbeddingCallbackInterface
androidx.activity.ImmLeaksCleaner
kotlinx.coroutines.CoroutineExceptionHandler
androidx.savedstate.Recreator
androidx.window.layout.ExtensionInterfaceCompat
androidx.core.app.RemoteActionCompat
android.support.v4.app.RemoteActionCompatParcelizer
androidx.window.layout.WindowLayoutInfo
androidx.lifecycle.LiveData$LifecycleBoundObserver
androidx.window.core.Version
androidx.window.layout.WindowMetricsCalculator$Companion
androidx.window.layout.ExtensionsWindowLayoutInfoAdapter
androidx.window.layout.FoldingFeature
androidx.window.layout.SidecarCompat
io.flutter.plugin.editing.ImeSyncDeferringInsetsCallback
androidx.window.layout.HardwareFoldingFeature$Type
androidx.window.embedding.ActivityFilter
androidx.window.java.layout.WindowInfoTrackerCallbackAdapter$addListener$1$1
io.flutter.plugin.editing.ImeSyncDeferringInsetsCallback$AnimationCallback
androidx.window.layout.ActivityCompatHelperApi30
androidx.window.java.layout.WindowInfoTrackerCallbackAdapter$addListener$1$1$invokeSuspend$$inlined$collect$1
androidx.fragment.app.Fragment$2
androidx.window.layout.ActivityCompatHelperApi24
androidx.window.layout.HardwareFoldingFeature$Type$Companion
androidx.window.layout.WindowMetricsCalculatorDecorator
androidx.window.embedding.EmbeddingRule
androidx.window.embedding.ExtensionEmbeddingBackend
androidx.window.core.ExperimentalWindowApi
kotlinx.coroutines.internal.StackTraceRecoveryKt
androidx.window.layout.SidecarWindowBackend$ExtensionListenerImpl
androidx.core.graphics.drawable.IconCompat
io.flutter.embedding.engine.plugins.lifecycle.HiddenLifecycleReference
androidx.window.layout.FoldingFeature$OcclusionType
androidx.window.layout.FoldingFeature$OcclusionType$Companion
androidx.window.layout.WindowInfoTracker$Companion
androidx.annotation.Keep
androidx.window.core.Bounds
androidx.window.layout.DisplayFeature
io.flutter.embedding.engine.mutatorsstack.FlutterMutatorsStack
androidx.window.java.R
androidx.lifecycle.FullLifecycleObserverAdapter
kotlin.internal.jdk7.JDK7PlatformImplementations
androidx.window.layout.WindowBackend
androidx.window.embedding.EmbeddingCompat
androidx.window.embedding.ActivityRule
androidx.window.embedding.SplitPairRule
androidx.window.embedding.SplitPairFilter
androidx.window.embedding.EmbeddingAdapter
kotlinx.coroutines.internal.MainDispatcherFactory
kotlin.coroutines.jvm.internal.BaseContinuationImpl
androidx.window.layout.SidecarCompat$FirstAttachAdapter
io.flutter.view.AccessibilityViewEmbedder