build/app/outputs/mapping/release/mapping.txt
# compiler: R8
# compiler_version: 3.3.70
# min_api: 19
# common_typos_disable
# {"id":"com.android.tools.r8.mapping","version":"2.0"}
# pg_map_id: ae6322f
# pg_map_hash: SHA-256 ae6322f9011b5be9977864306329d8a58700fcf1bfebcbac2b88e757597f623e
...
androidx.core.view.WindowInsetsCompat$Impl30 -> i.f$k:
    androidx.core.view.WindowInsetsCompat CONSUMED -> r
    void copyRootViewBounds(android.view.View) -> d
    androidx.core.graphics.Insets getInsets(int) -> g
    boolean isVisible(int) -> o
androidx.core.view.WindowInsetsCompat$Impl30$$ExternalSyntheticApiModelOutline0 -> i.r:
# {"id":"sourceFile","fileName":"R8$$SyntheticClass"}
# {"id":"com.android.tools.r8.synthesized"}
    boolean androidx.core.view.WindowInsetsCompat$Impl30$$InternalSyntheticApiModelOutline$1$6145bc636da4117a262fc4cbf4ef3d572709cafe75dcc75462216d1218342c12$0.m(android.view.WindowInsets,int) -> a
      # {"id":"com.android.tools.r8.synthesized"}
androidx.core.view.WindowInsetsCompat$Impl30$$ExternalSyntheticApiModelOutline1 -> i.s:
# {"id":"sourceFile","fileName":"R8$$SyntheticClass"}
# {"id":"com.android.tools.r8.synthesized"}
    android.graphics.Insets androidx.core.view.WindowInsetsCompat$Impl30$$InternalSyntheticApiModelOutline$1$f14b93863108dc0e407f09f9bde286f72e692d6f9a2448abe9587c9d544bc2bf$0.m(android.view.WindowInsets,int) -> a
      # {"id":"com.android.tools.r8.synthesized"}
androidx.core.view.WindowInsetsCompat$Type -> i.f$m:
    int ime() -> a
    int indexOf(int) -> b
androidx.core.view.WindowInsetsCompat$TypeImpl30 -> i.f$n:
    int toPlatformType(int) -> a
androidx.core.view.WindowInsetsControllerCompat -> i.t:
    androidx.core.view.WindowInsetsControllerCompat$Impl mImpl -> a
    void setAppearanceLightNavigationBars(boolean) -> a
    void setAppearanceLightStatusBars(boolean) -> b
androidx.core.view.WindowInsetsControllerCompat$Impl -> i.t$e:
    void setAppearanceLightNavigationBars(boolean) -> a
    void setAppearanceLightStatusBars(boolean) -> b
androidx.core.view.WindowInsetsControllerCompat$Impl20 -> i.t$a:
    android.view.View mView -> b
    android.view.Window mWindow -> a
    void setSystemUiFlag(int) -> c
    void setWindowFlag(int) -> d
    void unsetSystemUiFlag(int) -> e
    void unsetWindowFlag(int) -> f
androidx.core.view.WindowInsetsControllerCompat$Impl23 -> i.t$b:
    void setAppearanceLightStatusBars(boolean) -> b
androidx.core.view.WindowInsetsControllerCompat$Impl26 -> i.t$c:
    void setAppearanceLightNavigationBars(boolean) -> a
androidx.core.view.WindowInsetsControllerCompat$Impl30 -> i.t$d:
    androidx.collection.SimpleArrayMap mListeners -> c
    android.view.WindowInsetsController mInsetsController -> b
    androidx.core.view.WindowInsetsControllerCompat mCompatController -> a
    void setAppearanceLightNavigationBars(boolean) -> a
    void setAppearanceLightStatusBars(boolean) -> b
androidx.core.view.WindowInsetsControllerCompat$Impl30$$ExternalSyntheticApiModelOutline0 -> i.u:
# {"id":"sourceFile","fileName":"R8$$SyntheticClass"}
# {"id":"com.android.tools.r8.synthesized"}
    android.view.WindowInsetsController androidx.core.view.WindowInsetsControllerCompat$Impl30$$InternalSyntheticApiModelOutline$2$e51a200b697bfb4d6155e4ad6744e47698f53e8b6d3d57e5cc6e876a3b3d93d4$0.m(android.view.Window) -> a
      # {"id":"com.android.tools.r8.synthesized"}
androidx.core.view.inputmethod.EditorInfoCompat -> j.a:
    java.lang.String[] EMPTY_STRING_ARRAY -> a
    void setContentMimeTypes(android.view.inputmethod.EditorInfo,java.lang.String[]) -> a
androidx.fragment.app.Fragment$2 -> androidx.fragment.app.Fragment$2:
    void onStateChanged(androidx.lifecycle.LifecycleOwner,androidx.lifecycle.Lifecycle$Event) -> d
androidx.lifecycle.CompositeGeneratedAdaptersObserver -> androidx.lifecycle.CompositeGeneratedAdaptersObserver:
    androidx.lifecycle.GeneratedAdapter[] mGeneratedAdapters -> a
    void onStateChanged(androidx.lifecycle.LifecycleOwner,androidx.lifecycle.Lifecycle$Event) -> d