build/app/outputs/mapping/release/usage.txt
com.example.untitled1.BuildConfig
com.example.untitled1.R$attr
com.example.untitled1.R$color
com.example.untitled1.R$dimen
com.example.untitled1.R$drawable
com.example.untitled1.R$id
com.example.untitled1.R$integer
com.example.untitled1.R$layout
com.example.untitled1.R$mipmap
com.example.untitled1.R$string
com.example.untitled1.R$style
com.example.untitled1.R$styleable
com.example.untitled1.R
...
androidx.core.view.GestureDetectorCompat$GestureDetectorCompatImpl
androidx.core.view.GestureDetectorCompat$GestureDetectorCompatImplBase$GestureHandler
androidx.core.view.GestureDetectorCompat$GestureDetectorCompatImplBase
androidx.core.view.GestureDetectorCompat$GestureDetectorCompatImplJellybeanMr2
androidx.core.view.GestureDetectorCompat
androidx.core.view.GravityCompat
androidx.core.view.InputDeviceCompat
androidx.core.view.KeyEventDispatcher$Component
androidx.core.view.KeyEventDispatcher
androidx.core.view.LayoutInflaterCompat$Factory2Wrapper
androidx.core.view.LayoutInflaterCompat
androidx.core.view.LayoutInflaterFactory
androidx.core.view.MarginLayoutParamsCompat
androidx.core.view.MenuCompat
androidx.core.view.MenuItemCompat$1
androidx.core.view.MenuItemCompat$OnActionExpandListener
androidx.core.view.MenuItemCompat
androidx.core.view.MotionEventCompat
androidx.core.view.NestedScrollingChild2
androidx.core.view.NestedScrollingChild3
androidx.core.view.NestedScrollingChild
androidx.core.view.NestedScrollingChildHelper
androidx.core.view.NestedScrollingParent2
androidx.core.view.NestedScrollingParent3
androidx.core.view.NestedScrollingParent
androidx.core.view.NestedScrollingParentHelper
androidx.core.view.OnApplyWindowInsetsListener
androidx.core.view.OnReceiveContentListener
androidx.core.view.OnReceiveContentViewBehavior:
    public abstract androidx.core.view.ContentInfoCompat onReceiveContent(androidx.core.view.ContentInfoCompat)
androidx.core.view.OneShotPreDrawListener
androidx.core.view.PointerIconCompat
androidx.core.view.ScaleGestureDetectorCompat
androidx.core.view.ScrollingView
androidx.core.view.TintableBackgroundView
androidx.core.view.VelocityTrackerCompat
androidx.core.view.ViewCompat$1:
    public androidx.core.view.ContentInfoCompat onReceiveContent(androidx.core.view.ContentInfoCompat)
androidx.core.view.ViewCompat$2
androidx.core.view.ViewCompat$3:
    void frameworkSet(android.view.View,java.lang.CharSequence)
    synthetic bridge void frameworkSet(android.view.View,java.lang.Object)
    boolean shouldUpdate(java.lang.CharSequence,java.lang.CharSequence)
    synthetic bridge boolean shouldUpdate(java.lang.Object,java.lang.Object)
androidx.core.view.ViewCompat$4
androidx.core.view.ViewCompat$5
androidx.core.view.ViewCompat$AccessibilityPaneVisibilityManager:
    void addAccessibilityPane(android.view.View)
    void removeAccessibilityPane(android.view.View)
    private void unregisterForLayoutCallback(android.view.View)
androidx.core.view.ViewCompat$AccessibilityViewProperty:
    void <init>(int,java.lang.Class,int)
    boolean booleanNullToFalseEquals(java.lang.Boolean,java.lang.Boolean)
    abstract void frameworkSet(android.view.View,java.lang.Object)
    void set(android.view.View,java.lang.Object)
    boolean shouldUpdate(java.lang.Object,java.lang.Object)
androidx.core.view.ViewCompat$Api21Impl$1
androidx.core.view.ViewCompat$Api21Impl:
    private void <init>()
    static void callCompatInsetAnimationCallback(android.view.WindowInsets,android.view.View)
    static androidx.core.view.WindowInsetsCompat computeSystemWindowInsets(android.view.View,androidx.core.view.WindowInsetsCompat,android.graphics.Rect)
    static void setOnApplyWindowInsetsListener(android.view.View,androidx.core.view.OnApplyWindowInsetsListener)
androidx.core.view.ViewCompat$Api23Impl:
    private void <init>()
androidx.core.view.ViewCompat$Api29Impl
androidx.core.view.ViewCompat$Api30Impl
androidx.core.view.ViewCompat$CompatImplApi28$1
androidx.core.view.ViewCompat$CompatImplApi28
androidx.core.view.ViewCompat$FocusDirection
androidx.core.view.ViewCompat$FocusRealDirection
androidx.core.view.ViewCompat$FocusRelativeDirection
androidx.core.view.ViewCompat$NestedScrollType
androidx.core.view.ViewCompat$OnUnhandledKeyEventListenerCompat
androidx.core.view.ViewCompat$ScrollAxis
androidx.core.view.ViewCompat$ScrollIndicators